<xml><ToUserName><![CDATA[gh_b327cd49deb6]]></ToUserName>
<FromUserName><![CDATA[odkCRt_Npmy5VibttLi2wBzWslHI]]></FromUserName>
<CreateTime>1605187535</CreateTime>
<MsgType><![CDATA[voice]]></MsgType>
<MediaId><![CDATA[RsB0qWcBpSmIiL3oOVf65D5kHWSesr3fZa-TdL9Hw2rOEHoX-o1ywuO0mV0LBVda]]></MediaId>
<Format><![CDATA[amr]]></Format>
<MsgId>6894227966771855360</MsgId>
<Recognition><![CDATA[]]></Recognition>
</xml>

<xml><ToUserName><![CDATA[gh_b327cd49deb6]]></ToUserName>
<FromUserName><![CDATA[odkCRt_Npmy5VibttLi2wBzWslHI]]></FromUserName>
<CreateTime>1605187535</CreateTime>
<MsgType><![CDATA[voice]]></MsgType>
<MediaId><![CDATA[RsB0qWcBpSmIiL3oOVf65D5kHWSesr3fZa-TdL9Hw2rOEHoX-o1ywuO0mV0LBVda]]></MediaId>
<Format><![CDATA[amr]]></Format>
<MsgId>6894227966771855360</MsgId>
<Recognition><![CDATA[]]></Recognition>
</xml>

<xml><ToUserName><![CDATA[gh_b327cd49deb6]]></ToUserName>
<FromUserName><![CDATA[odkCRt_Npmy5VibttLi2wBzWslHI]]></FromUserName>
<CreateTime>1605187535</CreateTime>
<MsgType><![CDATA[voice]]></MsgType>
<MediaId><![CDATA[RsB0qWcBpSmIiL3oOVf65D5kHWSesr3fZa-TdL9Hw2rOEHoX-o1ywuO0mV0LBVda]]></MediaId>
<Format><![CDATA[amr]]></Format>
<MsgId>6894227966771855360</MsgId>
<Recognition><![CDATA[]]></Recognition>
</xml>

<xml><ToUserName><![CDATA[gh_b327cd49deb6]]></ToUserName>
<FromUserName><![CDATA[odkCRt_Npmy5VibttLi2wBzWslHI]]></FromUserName>
<CreateTime>1605187535</CreateTime>
<MsgType><![CDATA[voice]]></MsgType>
<MediaId><![CDATA[RsB0qWcBpSmIiL3oOVf65D5kHWSesr3fZa-TdL9Hw2rOEHoX-o1ywuO0mV0LBVda]]></MediaId>
<Format><![CDATA[amr]]></Format>
<MsgId>6894227966771855360</MsgId>
<Recognition><![CDATA[]]></Recognition>
</xml>

<xml><ToUserName><![CDATA[gh_b327cd49deb6]]></ToUserName>
<FromUserName><![CDATA[odkCRt_Npmy5VibttLi2wBzWslHI]]></FromUserName>
<CreateTime>1605187535</CreateTime>
<MsgType><![CDATA[voice]]></MsgType>
<MediaId><![CDATA[RsB0qWcBpSmIiL3oOVf65D5kHWSesr3fZa-TdL9Hw2rOEHoX-o1ywuO0mV0LBVda]]></MediaId>
<Format><![CDATA[amr]]></Format>
<MsgId>6894227966771855360</MsgId>
<Recognition><![CDATA[]]></Recognition>
</xml>

<xml><ToUserName><![CDATA[gh_b327cd49deb6]]></ToUserName>
<FromUserName><![CDATA[odkCRt_Npmy5VibttLi2wBzWslHI]]></FromUserName>
<CreateTime>1605187535</CreateTime>
<MsgType><![CDATA[voice]]></MsgType>
<MediaId><![CDATA[RsB0qWcBpSmIiL3oOVf65D5kHWSesr3fZa-TdL9Hw2rOEHoX-o1ywuO0mV0LBVda]]></MediaId>
<Format><![CDATA[amr]]></Format>
<MsgId>6894227966771855360</MsgId>
<Recognition><![CDATA[]]></Recognition>
</xml>

<xml><ToUserName><![CDATA[gh_b327cd49deb6]]></ToUserName>
<FromUserName><![CDATA[odkCRt_Npmy5VibttLi2wBzWslHI]]></FromUserName>
<CreateTime>1605187535</CreateTime>
<MsgType><![CDATA[voice]]></MsgType>
<MediaId><![CDATA[RsB0qWcBpSmIiL3oOVf65D5kHWSesr3fZa-TdL9Hw2rOEHoX-o1ywuO0mV0LBVda]]></MediaId>
<Format><![CDATA[amr]]></Format>
<MsgId>6894227966771855360</MsgId>
<Recognition><![CDATA[]]></Recognition>
</xml>

<xml><ToUserName><![CDATA[gh_b327cd49deb6]]></ToUserName>
<FromUserName><![CDATA[odkCRt_Npmy5VibttLi2wBzWslHI]]></FromUserName>
<CreateTime>1605187535</CreateTime>
<MsgType><![CDATA[voice]]></MsgType>
<MediaId><![CDATA[RsB0qWcBpSmIiL3oOVf65D5kHWSesr3fZa-TdL9Hw2rOEHoX-o1ywuO0mV0LBVda]]></MediaId>
<Format><![CDATA[amr]]></Format>
<MsgId>6894227966771855360</MsgId>
<Recognition><![CDATA[]]></Recognition>
</xml>

<xml><ToUserName><![CDATA[gh_b327cd49deb6]]></ToUserName>
<FromUserName><![CDATA[odkCRt_Npmy5VibttLi2wBzWslHI]]></FromUserName>
<CreateTime>1605187535</CreateTime>
<MsgType><![CDATA[voice]]></MsgType>
<MediaId><![CDATA[RsB0qWcBpSmIiL3oOVf65D5kHWSesr3fZa-TdL9Hw2rOEHoX-o1ywuO0mV0LBVda]]></MediaId>
<Format><![CDATA[amr]]></Format>
<MsgId>6894227966771855360</MsgId>
<Recognition><![CDATA[]]></Recognition>
</xml>

<xml><ToUserName><![CDATA[gh_b327cd49deb6]]></ToUserName>
<FromUserName><![CDATA[odkCRt_Npmy5VibttLi2wBzWslHI]]></FromUserName>
<CreateTime>1605187535</CreateTime>
<MsgType><![CDATA[voice]]></MsgType>
<MediaId><![CDATA[RsB0qWcBpSmIiL3oOVf65D5kHWSesr3fZa-TdL9Hw2rOEHoX-o1ywuO0mV0LBVda]]></MediaId>
<Format><![CDATA[amr]]></Format>
<MsgId>6894227966771855360</MsgId>
<Recognition><![CDATA[]]></Recognition>
</xml>

<xml><ToUserName><![CDATA[gh_b327cd49deb6]]></ToUserName>
<FromUserName><![CDATA[odkCRt_Npmy5VibttLi2wBzWslHI]]></FromUserName>
<CreateTime>1605187535</CreateTime>
<MsgType><![CDATA[voice]]></MsgType>
<MediaId><![CDATA[RsB0qWcBpSmIiL3oOVf65D5kHWSesr3fZa-TdL9Hw2rOEHoX-o1ywuO0mV0LBVda]]></MediaId>
<Format><![CDATA[amr]]></Format>
<MsgId>6894227966771855360</MsgId>
<Recognition><![CDATA[]]></Recognition>
</xml>

<xml><ToUserName><![CDATA[gh_b327cd49deb6]]></ToUserName>
<FromUserName><![CDATA[odkCRt_Npmy5VibttLi2wBzWslHI]]></FromUserName>
<CreateTime>1605187535</CreateTime>
<MsgType><![CDATA[voice]]></MsgType>
<MediaId><![CDATA[RsB0qWcBpSmIiL3oOVf65D5kHWSesr3fZa-TdL9Hw2rOEHoX-o1ywuO0mV0LBVda]]></MediaId>
<Format><![CDATA[amr]]></Format>
<MsgId>6894227966771855360</MsgId>
<Recognition><![CDATA[]]></Recognition>
</xml>

<xml><ToUserName><![CDATA[gh_b327cd49deb6]]></ToUserName>
<FromUserName><![CDATA[odkCRt_Npmy5VibttLi2wBzWslHI]]></FromUserName>
<CreateTime>1605187535</CreateTime>
<MsgType><![CDATA[voice]]></MsgType>
<MediaId><![CDATA[RsB0qWcBpSmIiL3oOVf65D5kHWSesr3fZa-TdL9Hw2rOEHoX-o1ywuO0mV0LBVda]]></MediaId>
<Format><![CDATA[amr]]></Format>
<MsgId>6894227966771855360</MsgId>
<Recognition><![CDATA[]]></Recognition>
</xml>

<xml><ToUserName><![CDATA[gh_b327cd49deb6]]></ToUserName>
<FromUserName><![CDATA[odkCRt_Npmy5VibttLi2wBzWslHI]]></FromUserName>
<CreateTime>1605187535</CreateTime>
<MsgType><![CDATA[voice]]></MsgType>
<MediaId><![CDATA[RsB0qWcBpSmIiL3oOVf65D5kHWSesr3fZa-TdL9Hw2rOEHoX-o1ywuO0mV0LBVda]]></MediaId>
<Format><![CDATA[amr]]></Format>
<MsgId>6894227966771855360</MsgId>
<Recognition><![CDATA[]]></Recognition>
</xml>

<xml><ToUserName><![CDATA[gh_b327cd49deb6]]></ToUserName>
<FromUserName><![CDATA[odkCRt_Npmy5VibttLi2wBzWslHI]]></FromUserName>
<CreateTime>1605187535</CreateTime>
<MsgType><![CDATA[voice]]></MsgType>
<MediaId><![CDATA[RsB0qWcBpSmIiL3oOVf65D5kHWSesr3fZa-TdL9Hw2rOEHoX-o1ywuO0mV0LBVda]]></MediaId>
<Format><![CDATA[amr]]></Format>
<MsgId>6894227966771855360</MsgId>
<Recognition><![CDATA[]]></Recognition>
</xml>

<xml><ToUserName><![CDATA[gh_b327cd49deb6]]></ToUserName>
<FromUserName><![CDATA[odkCRt_Npmy5VibttLi2wBzWslHI]]></FromUserName>
<CreateTime>1605187535</CreateTime>
<MsgType><![CDATA[voice]]></MsgType>
<MediaId><![CDATA[RsB0qWcBpSmIiL3oOVf65D5kHWSesr3fZa-TdL9Hw2rOEHoX-o1ywuO0mV0LBVda]]></MediaId>
<Format><![CDATA[amr]]></Format>
<MsgId>6894227966771855360</MsgId>
<Recognition><![CDATA[]]></Recognition>
</xml>

<xml><ToUserName><![CDATA[gh_b327cd49deb6]]></ToUserName>
<FromUserName><![CDATA[odkCRt_Npmy5VibttLi2wBzWslHI]]></FromUserName>
<CreateTime>1605187535</CreateTime>
<MsgType><![CDATA[voice]]></MsgType>
<MediaId><![CDATA[RsB0qWcBpSmIiL3oOVf65D5kHWSesr3fZa-TdL9Hw2rOEHoX-o1ywuO0mV0LBVda]]></MediaId>
<Format><![CDATA[amr]]></Format>
<MsgId>6894227966771855360</MsgId>
<Recognition><![CDATA[]]></Recognition>
</xml>

<xml><ToUserName><![CDATA[gh_b327cd49deb6]]></ToUserName>
<FromUserName><![CDATA[odkCRt_Npmy5VibttLi2wBzWslHI]]></FromUserName>
<CreateTime>1605225950</CreateTime>
<MsgType><![CDATA[event]]></MsgType>
<Event><![CDATA[CLICK]]></Event>
<EventKey><![CDATA[V1001_TODAY_MUSIC]]></EventKey>
</xml>

<xml><ToUserName><![CDATA[gh_b327cd49deb6]]></ToUserName>
<FromUserName><![CDATA[odkCRt_Npmy5VibttLi2wBzWslHI]]></FromUserName>
<CreateTime>1605227555</CreateTime>
<MsgType><![CDATA[image]]></MsgType>
<PicUrl><![CDATA[http://mmbiz.qpic.cn/sz_mmbiz_jpg/yS4x9ykFANUZ1UwcVaqOKxT4kyOaUHgOCyNCgqzUVImoh8uxHQ2mewbCjDeDhOb7lkwatV9iazwueNYsGm7BHnw/0]]></PicUrl>
<MsgId>22981334432114728</MsgId>
<MediaId><![CDATA[v5DHjMahDuMudjigMsIVW3HJccWdheW7iCclmd7b214ZGlMDUMZWjF476_U-ejnx]]></MediaId>
</xml>

<xml><ToUserName><![CDATA[gh_b327cd49deb6]]></ToUserName>
<FromUserName><![CDATA[odkCRt_Npmy5VibttLi2wBzWslHI]]></FromUserName>
<CreateTime>1605227770</CreateTime>
<MsgType><![CDATA[text]]></MsgType>
<Content><![CDATA[1]]></Content>
<MsgId>22981338213741286</MsgId>
</xml>

<xml><ToUserName><![CDATA[gh_b327cd49deb6]]></ToUserName>
<FromUserName><![CDATA[odkCRt_Npmy5VibttLi2wBzWslHI]]></FromUserName>
<CreateTime>1605227770</CreateTime>
<MsgType><![CDATA[text]]></MsgType>
<Content><![CDATA[1]]></Content>
<MsgId>22981338213741286</MsgId>
</xml>

<xml><ToUserName><![CDATA[gh_b327cd49deb6]]></ToUserName>
<FromUserName><![CDATA[odkCRt_Npmy5VibttLi2wBzWslHI]]></FromUserName>
<CreateTime>1605227770</CreateTime>
<MsgType><![CDATA[text]]></MsgType>
<Content><![CDATA[1]]></Content>
<MsgId>22981338213741286</MsgId>
</xml>

<xml><ToUserName><![CDATA[gh_b327cd49deb6]]></ToUserName>
<FromUserName><![CDATA[odkCRt_Npmy5VibttLi2wBzWslHI]]></FromUserName>
<CreateTime>1605227770</CreateTime>
<MsgType><![CDATA[text]]></MsgType>
<Content><![CDATA[1]]></Content>
<MsgId>22981338213741286</MsgId>
</xml>



<xml><ToUserName><![CDATA[gh_b327cd49deb6]]></ToUserName>
<FromUserName><![CDATA[odkCRt_Npmy5VibttLi2wBzWslHI]]></FromUserName>
<CreateTime>1605228564</CreateTime>
<MsgType><![CDATA[image]]></MsgType>
<PicUrl><![CDATA[http://mmbiz.qpic.cn/sz_mmbiz_jpg/yS4x9ykFANUZ1UwcVaqOKxT4kyOaUHgOqtTxcia39ZkXKOzsaYz1yFt6uA0cFM3tumD5Lvqxqy5jgbDtTSlpm6w/0]]></PicUrl>
<MsgId>22981345108205889</MsgId>
<MediaId><![CDATA[TITzr3VALPFJjtivV8VbcESWIGue5s6uiqeo_0aBpNZwqIMUMzzp6T_bfGQRljA3]]></MediaId>
</xml>


